<?xml version="1.0" encoding="UTF-8"?>
<!-- Generated by org.testng.reporters.JUnitReportReporter -->
<testsuite hostname="GLB-D3004" name="com.globant.training.tomas_niro.Tests" tests="1" failures="0" timestamp="5 Mar 2015 14:00:34 GMT" time="25.579" errors="0">
  <testcase name="calendar" time="25.579" classname="com.globant.training.tomas_niro.Tests"/>
</testsuite> <!-- com.globant.training.tomas_niro.Tests -->
