<?xml version="1.0" encoding="UTF-8"?>
<!-- Generated by org.testng.reporters.JUnitReportReporter -->
<testsuite hostname="Tomas-PC" name="com.globant.carnival.AppTest" tests="1" failures="0" timestamp="8 May 2015 00:20:28 GMT" time="7.423" errors="0">
  <testcase name="TC1" time="7.423" classname="com.globant.carnival.AppTest"/>
</testsuite> <!-- com.globant.carnival.AppTest -->
