<?xml version="1.0" encoding="UTF-8"?>
<!-- Generated by org.testng.reporters.JUnitReportReporter -->
<testsuite hostname="Tomas-PC" name="com.globant.carnival.Tests.Tests" tests="1" failures="0" timestamp="10 May 2015 23:15:58 GMT" time="19.512" errors="0">
  <testcase name="TC2" time="19.512" classname="com.globant.carnival.Tests.Tests"/>
</testsuite> <!-- com.globant.carnival.Tests.Tests -->
