<?xml version="1.0" encoding="UTF-8"?>
<!-- Generated by org.testng.reporters.JUnitReportReporter -->
<testsuite hostname="GLB-D3004" name="tomas_niro.training.globant.com.tests.Tests" tests="9" failures="0" timestamp="25 Mar 2015 14:21:37 GMT" time="1023.279" errors="0">
  <testcase name="case1" time="60.145" classname="tomas_niro.training.globant.com.tests.Tests"/>
  <testcase name="case8" time="193.902" classname="tomas_niro.training.globant.com.tests.Tests"/>
  <testcase name="case4" time="67.965" classname="tomas_niro.training.globant.com.tests.Tests"/>
  <testcase name="case5" time="181.765" classname="tomas_niro.training.globant.com.tests.Tests"/>
  <testcase name="case7" time="185.707" classname="tomas_niro.training.globant.com.tests.Tests"/>
  <testcase name="case9" time="168.073" classname="tomas_niro.training.globant.com.tests.Tests"/>
  <testcase name="case3" time="59.338" classname="tomas_niro.training.globant.com.tests.Tests"/>
  <testcase name="case6" time="55.101" classname="tomas_niro.training.globant.com.tests.Tests"/>
  <testcase name="case2" time="51.283" classname="tomas_niro.training.globant.com.tests.Tests"/>
</testsuite> <!-- tomas_niro.training.globant.com.tests.Tests -->
