<?xml version="1.0" encoding="UTF-8"?>
<!-- Generated by org.testng.reporters.JUnitReportReporter -->
<testsuite hostname="GLB-D3004" name="tomas_niro.training.globant.com.tests.Tests" tests="1" failures="0" timestamp="20 Mar 2015 20:36:11 GMT" time="47.873" errors="0">
  <testcase name="testLoginPsswFail" time="47.873" classname="tomas_niro.training.globant.com.tests.Tests"/>
</testsuite> <!-- tomas_niro.training.globant.com.tests.Tests -->
